<?xml version="1.0" encoding="UTF-8"?>
<!-- Generated by org.testng.reporters.JUnitReportReporter -->
<testsuite hostname="ngawangs10" failures="0" tests="3" name="testPages.HomePageTest" time="20.558" errors="0" timestamp="2022-12-25T11:18:42 GMT-05:00" skipped="0">
  <testcase classname="testPages.HomePageTest" name="clickZipCodeFieldTest" time="6.371"/>
  <system-out/>
  <testcase classname="testPages.HomePageTest" name="inputZipCodeField" time="6.549"/>
  <system-out/>
  <testcase classname="testPages.HomePageTest" name="clickGoButton" time="7.638"/>
  <system-out/>
</testsuite> <!-- testPages.HomePageTest -->
